Exception in thread "AWT-EventQueue-0" java.lang.ArrayIndexOutOfBoundsException: 220
	at org.lionsoul.tankwar.map.TMap.setBit(TMap.java:157)
	at org.lionsoul.tankwar.map.TMap.setMapBit(TMap.java:129)
	at org.lionsoul.tankwar.map.TMap.setWalls(TMap.java:218)
	at org.lionsoul.tankwar.Battlefield.create(Battlefield.java:348)
	at org.lionsoul.tankwar.Battlefield.play(Battlefield.java:305)
	at org.lionsoul.tankwar.barriers.BarriersSelector.keyPress(BarriersSelector.java:167)
	at org.lionsoul.tankwar.Battlefield$TankKeyListener.keyPressed(Battlefield.java:642)
	at java.awt.Component.processKeyEvent(Component.java:6463)
	at java.awt.Component.processEvent(Component.java:6282)
	at java.awt.Container.processEvent(Container.java:2229)
	at java.awt.Window.processEvent(Window.java:2016)
	at java.awt.Component.dispatchEventImpl(Component.java:4861)
	at java.awt.Container.dispatchEventImpl(Container.java:2287)
	at java.awt.Window.dispatchEventImpl(Window.java:2713)
	at java.awt.Component.dispatchEvent(Component.java:4687)
	at java.awt.KeyboardFocusManager.redispatchEvent(KeyboardFocusManager.java:1908)
	at java.awt.DefaultKeyboardFocusManager.dispatchKeyEvent(DefaultKeyboardFocusManager.java:752)
	at java.awt.DefaultKeyboardFocusManager.preDispatchKeyEvent(DefaultKeyboardFocusManager.java:1017)
	at java.awt.DefaultKeyboardFocusManager.typeAheadAssertions(DefaultKeyboardFocusManager.java:889)
	at java.awt.DefaultKeyboardFocusManager.dispatchEvent(DefaultKeyboardFocusManager.java:717)
	at java.awt.Component.dispatchEventImpl(Component.java:4731)
	at java.awt.Container.dispatchEventImpl(Container.java:2287)
	at java.awt.Window.dispatchEventImpl(Window.java:2713)
	at java.awt.Component.dispatchEvent(Component.java:4687)
	at java.awt.EventQueue.dispatchEventImpl(EventQueue.java:707)
	at java.awt.EventQueue.access$000(EventQueue.java:101)
	at java.awt.EventQueue$3.run(EventQueue.java:666)
	at java.awt.EventQueue$3.run(EventQueue.java:664)
	at java.security.AccessController.doPrivileged(Native Method)
	at java.security.ProtectionDomain$1.doIntersectionPrivilege(ProtectionDomain.java:76)
	at java.security.ProtectionDomain$1.doIntersectionPrivilege(ProtectionDomain.java:87)
	at java.awt.EventQueue$4.run(EventQueue.java:680)
	at java.awt.EventQueue$4.run(EventQueue.java:678)
	at java.security.AccessController.doPrivileged(Native Method)
	at java.security.ProtectionDomain$1.doIntersectionPrivilege(ProtectionDomain.java:76)
	at java.awt.EventQueue.dispatchEvent(EventQueue.java:677)
	at java.awt.EventDispatchThread.pumpOneEventForFilters(EventDispatchThread.java:211)
	at java.awt.EventDispatchThread.pumpEventsForFilter(EventDispatchThread.java:128)
	at java.awt.EventDispatchThread.pumpEventsForHierarchy(EventDispatchThread.java:117)
	at java.awt.EventDispatchThread.pumpEvents(EventDispatchThread.java:113)
	at java.awt.EventDispatchThread.pumpEvents(EventDispatchThread.java:105)
	at java.awt.EventDispatchThread.run(EventDispatchThread.java:90)
